app/build/outputs/logs/manifest-merger-debug-report.txt
-- Merging decision tree log ---
manifest
ADDED from src\main\AndroidManifest.xml:2:1-55:12
	package
		ADDED from src\main\AndroidManifest.xml:3:2-29
		INJECTED from src\main\AndroidManifest.xml
		INJECTED from src\main\AndroidManifest.xml
	android:versionName
		ADDED from src\main\AndroidManifest.xml:4:2-27
		INJECTED from src\main\AndroidManifest.xml
		INJECTED from src\main\AndroidManifest.xml
	android:versionCode
		ADDED from src\main\AndroidManifest.xml:3:30-53
		INJECTED from src\main\AndroidManifest.xml
		INJECTED from src\main\AndroidManifest.xml
	xmlns:android
		ADDED from src\main\AndroidManifest.xml:2:11-69
application
ADDED from src\main\AndroidManifest.xml:5:2-42:16
MERGED from [com.android.support:appcompat-v7:23.0.0] AndroidManifest.xml:22:5-20
MERGED from [com.android.support:support-v4:23.0.0] AndroidManifest.xml:22:5-20
	android:label
		ADDED from src\main\AndroidManifest.xml:5:50-82
	android:allowBackup
		ADDED from src\main\AndroidManifest.xml:6:3-29
	android:icon
		ADDED from src\main\AndroidManifest.xml:5:15-49
	android:theme
		ADDED from src\main\AndroidManifest.xml:6:30-61
activity#de.uvwxy.footpath.gui.Loader
ADDED from src\main\AndroidManifest.xml:8:3-15:14
	android:screenOrientation
		ADDED from src\main\AndroidManifest.xml:10:4-40
	android:label
		ADDED from src\main\AndroidManifest.xml:8:40-72
	android:configChanges
		ADDED from src\main\AndroidManifest.xml:9:4-54
	android:name
		ADDED from src\main\AndroidManifest.xml:8:13-39
intent-filter#android.intent.action.MAIN+android.intent.category.LAUNCHER
ADDED from src\main\AndroidManifest.xml:11:4-14:20
action#android.intent.action.MAIN
ADDED from src\main\AndroidManifest.xml:12:5-57
	android:name
		ADDED from src\main\AndroidManifest.xml:12:13-54
category#android.intent.category.LAUNCHER
ADDED from src\main\AndroidManifest.xml:13:5-65
	android:name
		ADDED from src\main\AndroidManifest.xml:13:15-62
activity#de.uvwxy.footpath.gui.Calibrator
ADDED from src\main\AndroidManifest.xml:17:3-20:14
	android:screenOrientation
		ADDED from src\main\AndroidManifest.xml:19:4-40
	android:label
		ADDED from src\main\AndroidManifest.xml:17:44-76
	android:configChanges
		ADDED from src\main\AndroidManifest.xml:18:4-54
	android:name
		ADDED from src\main\AndroidManifest.xml:17:13-43
activity#de.uvwxy.footpath.gui.Navigator
ADDED from src\main\AndroidManifest.xml:22:3-25:14
	android:screenOrientation
		ADDED from src\main\AndroidManifest.xml:24:4-40
	android:label
		ADDED from src\main\AndroidManifest.xml:22:43-75
	android:configChanges
		ADDED from src\main\AndroidManifest.xml:23:4-54
	android:name
		ADDED from src\main\AndroidManifest.xml:22:13-42
activity#de.uvwxy.footpath.gui.RoomSelectActivity
ADDED from src\main\AndroidManifest.xml:27:3-31:14
	android:screenOrientation
		ADDED from src\main\AndroidManifest.xml:30:4-40
	android:label
		ADDED from src\main\AndroidManifest.xml:28:4-36
	android:configChanges
		ADDED from src\main\AndroidManifest.xml:29:4-54
	android:name
		ADDED from src\main\AndroidManifest.xml:27:13-51
activity#de.uvwxy.footpath.gui.NumberSelect
ADDED from src\main\AndroidManifest.xml:33:3-36:14
	android:screenOrientation
		ADDED from src\main\AndroidManifest.xml:35:4-40
	android:label
		ADDED from src\main\AndroidManifest.xml:34:4-34
	android:name
		ADDED from src\main\AndroidManifest.xml:33:13-45
activity#de.uvwxy.footpath.vista.MyActivity
ADDED from src\main\AndroidManifest.xml:38:3-41:14
	android:screenOrientation
		ADDED from src\main\AndroidManifest.xml:40:4-40
	android:label
		ADDED from src\main\AndroidManifest.xml:38:46-78
	android:configChanges
		ADDED from src\main\AndroidManifest.xml:39:4-54
	android:name
		ADDED from src\main\AndroidManifest.xml:38:13-45
uses-sdk
ADDED from src\main\AndroidManifest.xml:43:2-41
MERGED from [com.android.support:appcompat-v7:23.0.0] AndroidManifest.xml:20:5-43
MERGED from [com.android.support:support-v4:23.0.0] AndroidManifest.xml:20:5-43
	android:targetSdkVersion
		INJECTED from src\main\AndroidManifest.xml
		INJECTED from src\main\AndroidManifest.xml
	android:minSdkVersion
		ADDED from src\main\AndroidManifest.xml:43:12-38
		INJECTED from src\main\AndroidManifest.xml
		INJECTED from src\main\AndroidManifest.xml
uses-feature#android.hardware.bluetooth_le
ADDED from src\main\AndroidManifest.xml:44:2-86
	android:required
		ADDED from src\main\AndroidManifest.xml:44:61-84
	android:name
		ADDED from src\main\AndroidManifest.xml:44:16-60
uses-permission#android.permission.INTERNET
ADDED from src\main\AndroidManifest.xml:46:2-80
	android:name
		ADDED from src\main\AndroidManifest.xml:46:19-61
uses-permission#android.permission.WRITE_EXTERNAL_STORAGE
ADDED from src\main\AndroidManifest.xml:47:2-94
	android:name
		ADDED from src\main\AndroidManifest.xml:47:19-75
uses-permission#android.permission.RECORD_AUDIO
ADDED from src\main\AndroidManifest.xml:48:2-84
	android:name
		ADDED from src\main\AndroidManifest.xml:48:19-65
uses-permission#android.permission.CHANGE_WIFI_STATE
ADDED from src\main\AndroidManifest.xml:49:2-89
	android:name
		ADDED from src\main\AndroidManifest.xml:49:19-70
uses-permission#android.permission.ACCESS_WIFI_STATE
ADDED from src\main\AndroidManifest.xml:50:2-89
	android:name
		ADDED from src\main\AndroidManifest.xml:50:19-70
uses-permission#android.permission.ACCESS_FINE_LOCATION
ADDED from src\main\AndroidManifest.xml:51:2-92
	android:name
		ADDED from src\main\AndroidManifest.xml:51:19-73
uses-permission#android.permission.BLUETOOTH
ADDED from src\main\AndroidManifest.xml:52:2-64
	android:name
		ADDED from src\main\AndroidManifest.xml:52:19-62
uses-permission#android.permission.BLUETOOTH_ADMIN
ADDED from src\main\AndroidManifest.xml:53:2-70
	android:name
		ADDED from src\main\AndroidManifest.xml:53:19-68